c:\users\bryson.au\documents\github\ai-project\glfwglew-experimental\glfwglew-experimental\glfw\project9\debug\vc120.pdb
c:\users\bryson.au\documents\github\ai-project\glfwglew-experimental\glfwglew-experimental\glfw\project9\debug\vc120.idb
c:\users\bryson.au\documents\github\ai-project\glfwglew-experimental\glfwglew-experimental\glfw\project9\debug\animator.obj
c:\users\bryson.au\documents\github\ai-project\glfwglew-experimental\glfwglew-experimental\glfw\project9\debug\asteroids.obj
c:\users\bryson.au\documents\github\ai-project\glfwglew-experimental\glfwglew-experimental\glfw\project9\debug\globals.obj
c:\users\bryson.au\documents\github\ai-project\glfwglew-experimental\glfwglew-experimental\glfw\project9\debug\graph.obj
c:\users\bryson.au\documents\github\ai-project\glfwglew-experimental\glfwglew-experimental\glfw\project9\debug\graphnode.obj
c:\users\bryson.au\documents\github\ai-project\glfwglew-experimental\glfwglew-experimental\glfw\project9\debug\main.obj
c:\users\bryson.au\documents\github\ai-project\glfwglew-experimental\glfwglew-experimental\glfw\project9\debug\player.obj
c:\users\bryson.au\documents\github\ai-project\glfwglew-experimental\glfwglew-experimental\glfw\project9\debug\stars.obj
c:\users\bryson.au\documents\github\ai-project\glfwglew-experimental\glfwglew-experimental\glfw\project9\debug\text.obj
c:\users\bryson.au\documents\github\ai-project\glfwglew-experimental\glfwglew-experimental\glfw\project9\debug\quad.obj
c:\users\bryson.au\documents\github\ai-project\glfwglew-experimental\glfwglew-experimental\glfw\project9\debug\sprite.obj
c:\users\bryson.au\documents\github\ai-project\glfwglew-experimental\glfwglew-experimental\glfw\project9\debug\test.obj
c:\users\bryson.au\documents\github\ai-project\glfwglew-experimental\glfwglew-experimental\glfw\debug\5th assessment pathfinding.pdb
c:\users\bryson.au\documents\github\ai-project\glfwglew-experimental\glfwglew-experimental\glfw\project9\debug\5th asse.9921f0f5.tlog\cl.command.1.tlog
c:\users\bryson.au\documents\github\ai-project\glfwglew-experimental\glfwglew-experimental\glfw\project9\debug\5th asse.9921f0f5.tlog\cl.read.1.tlog
c:\users\bryson.au\documents\github\ai-project\glfwglew-experimental\glfwglew-experimental\glfw\project9\debug\5th asse.9921f0f5.tlog\cl.write.1.tlog
c:\users\bryson.au\documents\github\ai-project\glfwglew-experimental\glfwglew-experimental\glfw\project9\debug\5th asse.9921f0f5.tlog\link-cvtres.read.1.tlog
c:\users\bryson.au\documents\github\ai-project\glfwglew-experimental\glfwglew-experimental\glfw\project9\debug\5th asse.9921f0f5.tlog\link-cvtres.write.1.tlog
c:\users\bryson.au\documents\github\ai-project\glfwglew-experimental\glfwglew-experimental\glfw\project9\debug\5th asse.9921f0f5.tlog\link-rc.read.1.tlog
c:\users\bryson.au\documents\github\ai-project\glfwglew-experimental\glfwglew-experimental\glfw\project9\debug\5th asse.9921f0f5.tlog\link-rc.write.1.tlog
c:\users\bryson.au\documents\github\ai-project\glfwglew-experimental\glfwglew-experimental\glfw\project9\debug\5th asse.9921f0f5.tlog\link.3648-cvtres.read.1.tlog
c:\users\bryson.au\documents\github\ai-project\glfwglew-experimental\glfwglew-experimental\glfw\project9\debug\5th asse.9921f0f5.tlog\link.3648-cvtres.write.1.tlog
c:\users\bryson.au\documents\github\ai-project\glfwglew-experimental\glfwglew-experimental\glfw\project9\debug\5th asse.9921f0f5.tlog\link.3648-rc.read.1.tlog
c:\users\bryson.au\documents\github\ai-project\glfwglew-experimental\glfwglew-experimental\glfw\project9\debug\5th asse.9921f0f5.tlog\link.3648-rc.write.1.tlog
c:\users\bryson.au\documents\github\ai-project\glfwglew-experimental\glfwglew-experimental\glfw\project9\debug\5th asse.9921f0f5.tlog\link.3648.read.1.tlog
c:\users\bryson.au\documents\github\ai-project\glfwglew-experimental\glfwglew-experimental\glfw\project9\debug\5th asse.9921f0f5.tlog\link.3648.write.1.tlog
c:\users\bryson.au\documents\github\ai-project\glfwglew-experimental\glfwglew-experimental\glfw\project9\debug\5th asse.9921f0f5.tlog\link.command.1.tlog
c:\users\bryson.au\documents\github\ai-project\glfwglew-experimental\glfwglew-experimental\glfw\project9\debug\5th asse.9921f0f5.tlog\link.read.1.tlog
c:\users\bryson.au\documents\github\ai-project\glfwglew-experimental\glfwglew-experimental\glfw\project9\debug\5th asse.9921f0f5.tlog\link.write.1.tlog
