Build started 4/7/2015 11:19:02 AM.
     1>Project "C:\Users\bryson.au\Documents\GitHub\AI-Project\GLFWGLEW-experimental\GLFWGLEW-experimental\GLFW\Project9\Project9.vcxproj" on node 2 (Build target(s)).
     1>C:\Program Files (x86)\MSBuild\Microsoft.Cpp\v4.0\V120\Microsoft.CppBuild.targets(381,5): warning MSB8028: The intermediate directory (Debug\) contains files shared from another project (4th Assessment Game Engine.vcxproj, glfwglewtut.vcxproj, Project9.vcxproj).  This can lead to incorrect clean and rebuild behavior.
     1>ClCompile:
         C:\Program Files (x86)\Microsoft Visual Studio 12.0\VC\bin\CL.exe /c /ZI /nologo /W3 /WX- /sdl /Od /Oy- /D _MBCS /Gm /EHsc /RTC1 /MDd /GS /fp:precise /Zc:wchar_t /Zc:forScope /Fo"Debug\\" /Fd"Debug\vc120.pdb" /Gd /TP /analyze- /errorReport:prompt main.cpp
         main.cpp
     1>c:\users\bryson.au\documents\github\ai-project\glfwglew-experimental\glfwglew-experimental\glfw\project9\globals.h(35): warning C4244: '=' : conversion from 'double' to 'float', possible loss of data
     1>c:\users\bryson.au\documents\github\ai-project\glfwglew-experimental\glfwglew-experimental\glfw\project9\globals.h(37): warning C4244: '=' : conversion from 'double' to 'float', possible loss of data
     1>c:\users\bryson.au\documents\github\ai-project\glfwglew-experimental\glfwglew-experimental\glfw\project9\globals.h(39): warning C4244: '=' : conversion from 'double' to 'float', possible loss of data
     1>c:\users\bryson.au\documents\github\ai-project\glfwglew-experimental\glfwglew-experimental\glfw\project9\graph.h(47): warning C4101: 'Open' : unreferenced local variable
     1>c:\users\bryson.au\documents\github\ai-project\glfwglew-experimental\glfwglew-experimental\glfw\project9\graph.h(48): warning C4101: 'Closed' : unreferenced local variable
     1>c:\users\bryson.au\documents\github\ai-project\glfwglew-experimental\glfwglew-experimental\glfw\glm\glm\gtx\scalar_multiplication.hpp(85): error C2719: 'rh': formal parameter with __declspec(align('16')) won't be aligned
     1>c:\users\bryson.au\documents\github\ai-project\glfwglew-experimental\glfwglew-experimental\glfw\glm\glm\gtx\scalar_multiplication.hpp(85): error C2719: 'lh': formal parameter with __declspec(align('16')) won't be aligned
     1>c:\users\bryson.au\documents\github\ai-project\glfwglew-experimental\glfwglew-experimental\glfw\project9\main.cpp(275): warning C4244: 'initializing' : conversion from 'double' to 'float', possible loss of data
     1>c:\users\bryson.au\documents\github\ai-project\glfwglew-experimental\glfwglew-experimental\glfw\project9\main.cpp(288): warning C4244: '=' : conversion from 'double' to 'float', possible loss of data
     1>c:\users\bryson.au\documents\github\ai-project\glfwglew-experimental\glfwglew-experimental\glfw\project9\main.cpp(303): warning C4244: 'argument' : conversion from 'time_t' to 'unsigned int', possible loss of data
     1>c:\users\bryson.au\documents\github\ai-project\glfwglew-experimental\glfwglew-experimental\glfw\project9\main.cpp(309): warning C4244: 'argument' : conversion from 'float' to 'int', possible loss of data
     1>c:\users\bryson.au\documents\github\ai-project\glfwglew-experimental\glfwglew-experimental\glfw\project9\main.cpp(341): warning C4244: 'argument' : conversion from 'float' to 'int', possible loss of data
     1>c:\users\bryson.au\documents\github\ai-project\glfwglew-experimental\glfwglew-experimental\glfw\project9\main.cpp(401): warning C4822: 'main::AITank::velocity' : local class member function does not have a body
     1>c:\users\bryson.au\documents\github\ai-project\glfwglew-experimental\glfwglew-experimental\glfw\project9\main.cpp(499): warning C4244: 'argument' : conversion from 'double' to 'float', possible loss of data
     1>c:\users\bryson.au\documents\github\ai-project\glfwglew-experimental\glfwglew-experimental\glfw\project9\main.cpp(500): warning C4244: 'argument' : conversion from 'double' to 'float', possible loss of data
     1>c:\users\bryson.au\documents\github\ai-project\glfwglew-experimental\glfwglew-experimental\glfw\project9\main.cpp(533): warning C4244: 'initializing' : conversion from 'float' to 'int', possible loss of data
     1>c:\users\bryson.au\documents\github\ai-project\glfwglew-experimental\glfwglew-experimental\glfw\project9\main.cpp(431): error C2661: 'glm::trunc' : no overloaded function takes 2 arguments
     1>c:\users\bryson.au\documents\github\ai-project\glfwglew-experimental\glfwglew-experimental\glfw\project9\main.cpp(432): error C2065: 'mass' : undeclared identifier
     1>c:\users\bryson.au\documents\github\ai-project\glfwglew-experimental\glfwglew-experimental\glfw\project9\main.cpp(433): error C3861: 'truncate': identifier not found
     1>Done Building Project "C:\Users\bryson.au\Documents\GitHub\AI-Project\GLFWGLEW-experimental\GLFWGLEW-experimental\GLFW\Project9\Project9.vcxproj" (Build target(s)) -- FAILED.

Build FAILED.

Time Elapsed 00:00:01.25
